<?xml version="1.0" encoding="UTF-8"?>
<testsuite xmlns:xsi="http://www.w3.org/2001/XMLSchema-instance" xsi:noNamespaceSchemaLocation="https://maven.apache.org/surefire/maven-surefire-plugin/xsd/surefire-test-report-3.0.xsd" version="3.0" name="TestSuite" time="20.569" tests="6" errors="0" skipped="0" failures="0">
  <properties>
[...]
</properties>
  <testcase name="validateLockedUser" classname="com.swag.ui.functionalTests.Swag_NegativeTests" time="4.003">
    <system-out><![CDATA[Launching Chrome Browser
Tried to loggin with Locked User
actual  :: Epic sadface: Sorry, this user has been locked out.  expected :: Epic sadface: Sorry, this user has been locked out.
Verified Locked user login
]]></system-out>
    <system-err><![CDATA[SLF4J: Failed to load class "org.slf4j.impl.StaticLoggerBinder".
SLF4J: Defaulting to no-operation (NOP) logger implementation
SLF4J: See http://www.slf4j.org/codes.html#StaticLoggerBinder for further details.
ERROR StatusLogger Log4j2 could not find a logging implementation. Please add log4j-core to the classpath. Using SimpleLogger to log to the console...
Sep 14, 2023 10:36:52 AM org.openqa.selenium.devtools.CdpVersionFinder findNearestMatch
WARNING: Unable to find an exact match for CDP version 116, so returning the closest version found: 115
]]></system-err>
  </testcase>
  <testcase name="validateRemoveCart" classname="com.swag.ui.functionalTests.Swag_NegativeTests" time="3.13">
    <system-out><![CDATA[**** SuccessFully Browser closed****
Launching Chrome Browser
Successfully logged in With Valid User
Product Name :: Sauce Labs Backpack
Product Description :: carry.allTheThings() with the sleek, streamlined Sly Pack that melds uncompromising style with unequaled laptop and tablet protection.
Product Price :: $29.99
Product Price :: $29.99
Product Name :: Sauce Labs Backpack
Product Description :: carry.allTheThings() with the sleek, streamlined Sly Pack that melds uncompromising style with unequaled laptop and tablet protection.
Product Price :: $29.99
Adding product to Cart
removeCart is displayed
Removing product from cart
Add to cart is displayed
Successfully verified add to cart and remove cart 
]]></system-out>
    <system-err><![CDATA[Sep 14, 2023 10:36:55 AM org.openqa.selenium.devtools.CdpVersionFinder findNearestMatch
WARNING: Unable to find an exact match for CDP version 116, so returning the closest version found: 115
]]></system-err>
  </testcase>
  <testcase name="validateRemoveCart_InvalidUser" classname="com.swag.ui.functionalTests.Swag_NegativeTests" time="2.796">
    <system-out><![CDATA[**** SuccessFully Browser closed****
Launching Chrome Browser
Successfully logged in With Problem User
Product Name :: Sauce Labs Backpack
Product Description :: carry.allTheThings() with the sleek, streamlined Sly Pack that melds uncompromising style with unequaled laptop and tablet protection.
Product Price :: $29.99
Product Price :: $29.99
Product Name :: Sauce Labs Backpack
Product Description :: carry.allTheThings() with the sleek, streamlined Sly Pack that melds uncompromising style with unequaled laptop and tablet protection.
Product Price :: $29.99
Adding product to Cart
removeCart is displayed
Removing product from cart
removeCart is displayed
Unable to Remove Product from Cart
]]></system-out>
    <system-err><![CDATA[Sep 14, 2023 10:36:58 AM org.openqa.selenium.devtools.CdpVersionFinder findNearestMatch
WARNING: Unable to find an exact match for CDP version 116, so returning the closest version found: 115
]]></system-err>
  </testcase>
  <testcase name="placeSwag_Order_e2e" classname="com.swag.ui.functionalTests.Swag_PositiveTests" time="3.853">
    <system-out><![CDATA[**** SuccessFully Browser closed****
Launching Chrome Browser
Successfully logged in With Valid User
Product Name :: Sauce Labs Backpack
Product Description :: carry.allTheThings() with the sleek, streamlined Sly Pack that melds uncompromising style with unequaled laptop and tablet protection.
Product Price :: $29.99
Product Price :: $29.99
Product Name :: Sauce Labs Backpack
Product Description :: carry.allTheThings() with the sleek, streamlined Sly Pack that melds uncompromising style with unequaled laptop and tablet protection.
Product Price :: $29.99
Adding product to Cart
removeCart is displayed
clicking on cart
Product Name :: Sauce Labs Backpack
Product Description :: carry.allTheThings() with the sleek, streamlined Sly Pack that melds uncompromising style with unequaled laptop and tablet protection.
Product Price :: $29.99
Product Price :: $29.99
Clicking on checkout
Filling User details
Order number is created :: SauceCard #31337
Product Name :: Sauce Labs Backpack
Product Description :: carry.allTheThings() with the sleek, streamlined Sly Pack that melds uncompromising style with unequaled laptop and tablet protection.
Product Price :: $29.99
Product Price :: $29.99
Clciking on Finish Button
Actual :: Thank you for your order! -- Expected :: Thank you for your order!
]]></system-out>
    <system-err><![CDATA[Sep 14, 2023 10:37:01 AM org.openqa.selenium.devtools.CdpVersionFinder findNearestMatch
WARNING: Unable to find an exact match for CDP version 116, so returning the closest version found: 115
]]></system-err>
  </testcase>
  <testcase name="validateInventoryPage" classname="com.swag.ui.functionalTests.Swag_PositiveTests" time="2.494">
    <system-out><![CDATA[**** SuccessFully Browser closed****
Launching Chrome Browser
Successfully logged in With Valid User
Getting current Url :: https://www.saucedemo.com/inventory.html
actual :: https://www.saucedemo.com/inventory.html Expected :: https://www.saucedemo.com/inventory.html
]]></system-out>
    <system-err><![CDATA[Sep 14, 2023 10:37:05 AM org.openqa.selenium.devtools.CdpVersionFinder findNearestMatch
WARNING: Unable to find an exact match for CDP version 116, so returning the closest version found: 115
]]></system-err>
  </testcase>
  <testcase name="validateSuccessLogin" classname="com.swag.ui.functionalTests.Swag_PositiveTests" time="2.718">
    <system-out><![CDATA[**** SuccessFully Browser closed****
Launching Chrome Browser
Successfully logged in With Valid User
**** SuccessFully Logged in ****
Product Name :: Sauce Labs Backpack
Product Description :: carry.allTheThings() with the sleek, streamlined Sly Pack that melds uncompromising style with unequaled laptop and tablet protection.
Product Price :: $29.99
Product Price :: $29.99
Verified Product details are visible
]]></system-out>
    <system-err><![CDATA[Sep 14, 2023 10:37:07 AM org.openqa.selenium.devtools.CdpVersionFinder findNearestMatch
WARNING: Unable to find an exact match for CDP version 116, so returning the closest version found: 115
]]></system-err>
  </testcase>
</testsuite>