<?xml version="1.0" encoding="UTF-8"?>
<!-- Generated by org.testng.reporters.JUnitXMLReporter -->
<testsuite ignored="0" hostname="DESKTOP-6E7DQE5" failures="0" tests="6" name="Surefire test" time="19.847" errors="0" timestamp="2023-09-14T10:37:08 CDT">
  <testcase classname="com.swag.ui.functionalTests.Swag_NegativeTests" name="validateLockedUser" time="4.005"/>
  <testcase classname="com.swag.ui.functionalTests.Swag_NegativeTests" name="validateRemoveCart" time="3.131"/>
  <testcase classname="com.swag.ui.functionalTests.Swag_NegativeTests" name="validateRemoveCart_InvalidUser" time="2.797"/>
  <testcase classname="com.swag.ui.functionalTests.Swag_PositiveTests" name="placeSwag_Order_e2e" time="3.854"/>
  <testcase classname="com.swag.ui.functionalTests.Swag_PositiveTests" name="validateInventoryPage" time="2.496"/>
  <testcase classname="com.swag.ui.functionalTests.Swag_PositiveTests" name="validateSuccessLogin" time="2.719"/>
</testsuite> <!-- Surefire test -->
