<?xml version="1.0" encoding="UTF-8"?>
<!-- Generated by org.testng.reporters.JUnitXMLReporter -->
<testsuite ignored="0" hostname="DESKTOP-6E7DQE5" failures="0" tests="6" name="Swag Demo tests" time="19.978" errors="0" timestamp="2023-09-14T11:06:51 CDT">
  <testcase classname="com.swag.ui.functionalTests.Swag_PositiveTests" name="placeSwag_Order_e2e" time="7.511"/>
  <testcase classname="com.swag.ui.functionalTests.Swag_PositiveTests" name="validateInventoryPage" time="2.605"/>
  <testcase classname="com.swag.ui.functionalTests.Swag_PositiveTests" name="validateSuccessLogin" time="2.139"/>
  <testcase classname="com.swag.ui.functionalTests.Swag_NegativeTests" name="validateLockedUser" time="1.968"/>
  <testcase classname="com.swag.ui.functionalTests.Swag_NegativeTests" name="validateRemoveCart" time="2.392"/>
  <testcase classname="com.swag.ui.functionalTests.Swag_NegativeTests" name="validateRemoveCart_InvalidUser" time="2.378"/>
</testsuite> <!-- Swag Demo tests -->
